<?xml version="1.0" encoding="UTF-8"?>
<testsuite xmlns:xsi="http://www.w3.org/2001/XMLSchema-instance" xsi:noNamespaceSchemaLocation="https://maven.apache.org/surefire/maven-surefire-plugin/xsd/surefire-test-report-3.0.xsd" version="3.0" name="com.assessment.solution.bakery.app.BakeryUtilTest" time="0.241" tests="13" errors="0" skipped="0" failures="0">
  <properties>
[...]
</properties>
  <testcase name="inValidItemCodeTest" classname="com.assessment.solution.bakery.app.BakeryUtilTest" time="0.003"/>
  <testcase name="readPropertiesFNFExceptionTest" classname="com.assessment.solution.bakery.app.BakeryUtilTest" time="0"/>
  <testcase name="getNumberFormatTest" classname="com.assessment.solution.bakery.app.BakeryUtilTest" time="0.024"/>
  <testcase name="isCFValidItemCodeTest" classname="com.assessment.solution.bakery.app.BakeryUtilTest" time="0"/>
  <testcase name="isMB11ValidItemCodeTest" classname="com.assessment.solution.bakery.app.BakeryUtilTest" time="0.001"/>
  <testcase name="getOrderBreakUpNullPointerTest" classname="com.assessment.solution.bakery.app.BakeryUtilTest" time="0.003"/>
  <testcase name="isVS5ValidItemCodeTest" classname="com.assessment.solution.bakery.app.BakeryUtilTest" time="0.001"/>
  <testcase name="createOrderTest" classname="com.assessment.solution.bakery.app.BakeryUtilTest" time="0.002"/>
  <testcase name="getBreakUpTest" classname="com.assessment.solution.bakery.app.BakeryUtilTest" time="0.104"/>
  <testcase name="calculateCostBreakUpForCFExceptionTest" classname="com.assessment.solution.bakery.app.BakeryUtilTest" time="0.001"/>
  <testcase name="calculateCostBreakUpForVS5ExceptionTest" classname="com.assessment.solution.bakery.app.BakeryUtilTest" time="0"/>
  <testcase name="calculateCostBreakUpForMB11ExceptionTest" classname="com.assessment.solution.bakery.app.BakeryUtilTest" time="0.001"/>
  <testcase name="getBreakUpInvalidProductExceptionTest" classname="com.assessment.solution.bakery.app.BakeryUtilTest" time="0"/>
</testsuite>